# JRE version: OpenJDK Runtime Environment (11.0.10) (build 11.0.10+0-b96-7249189)
# Java VM: OpenJDK 64-Bit Server VM (11.0.10+0-b96-7249189, mixed mode, tiered, compressed oops, g1 gc, windows-amd64)
Heap:
 garbage-first heap   total 189440K, used 130224K [0x0000000080000000, 0x0000000100000000)
  region size 1024K, 20 young (20480K), 6 survivors (6144K)
 Metaspace       used 122846K, capacity 125491K, committed 125952K, reserved 1159168K
  class space    used 15281K, capacity 16299K, committed 16384K, reserved 1048576K
GC Heap History (20 events):
Event: 2996.106 GC heap before
{Heap before GC invocations=40 (full 0):
 garbage-first heap   total 189440K, used 162044K [0x0000000080000000, 0x0000000100000000)
  region size 1024K, 26 young (26624K), 4 survivors (4096K)
 Metaspace       used 109566K, capacity 111991K, committed 113152K, reserved 1146880K
  class space    used 13673K, capacity 14555K, committed 14848K, reserved 1048576K
}
Event: 2996.121 GC heap after
{Heap after GC invocations=41 (full 0):
 garbage-first heap   total 189440K, used 126629K [0x0000000080000000, 0x0000000100000000)
  region size 1024K, 2 young (2048K), 2 survivors (2048K)
 Metaspace       used 109566K, capacity 111991K, committed 113152K, reserved 1146880K
  class space    used 13673K, capacity 14555K, committed 14848K, reserved 1048576K
}
Event: 2996.255 GC heap before
{Heap before GC invocations=41 (full 0):
 garbage-first heap   total 189440K, used 132773K [0x0000000080000000, 0x0000000100000000)
  region size 1024K, 9 young (9216K), 2 survivors (2048K)
 Metaspace       used 109675K, capacity 112082K, committed 113152K, reserved 1146880K
  class space    used 13683K, capacity 14560K, committed 14848K, reserved 1048576K
}
Event: 2996.274 GC heap after
{Heap after GC invocations=42 (full 0):
 garbage-first heap   total 189440K, used 117946K [0x0000000080000000, 0x0000000100000000)
  region size 1024K, 1 young (1024K), 1 survivors (1024K)
 Metaspace       used 109675K, capacity 112082K, committed 113152K, reserved 1146880K
  class space    used 13683K, capacity 14560K, committed 14848K, reserved 1048576K
}
Event: 2996.329 GC heap before
{Heap before GC invocations=42 (full 0):
 garbage-first heap   total 189440K, used 126138K [0x0000000080000000, 0x0000000100000000)
  region size 1024K, 9 young (9216K), 1 survivors (1024K)
 Metaspace       used 109725K, capacity 112152K, committed 113408K, reserved 1148928K
  class space    used 13685K, capacity 14560K, committed 14848K, reserved 1048576K
}
Event: 2996.338 GC heap after
{Heap after GC invocations=43 (full 0):
 garbage-first heap   total 189440K, used 118016K [0x0000000080000000, 0x0000000100000000)
  region size 1024K, 2 young (2048K), 2 survivors (2048K)
 Metaspace       used 109725K, capacity 112152K, committed 113408K, reserved 1148928K
  class space    used 13685K, capacity 14560K, committed 14848K, reserved 1048576K
}
Event: 2996.717 GC heap before
{Heap before GC invocations=43 (full 0):
 garbage-first heap   total 189440K, used 143616K [0x0000000080000000, 0x0000000100000000)
  region size 1024K, 28 young (28672K), 2 survivors (2048K)
 Metaspace       used 110165K, capacity 112578K, committed 113792K, reserved 1148928K
  class space    used 13727K, capacity 14641K, committed 14976K, reserved 1048576K
}
Event: 2996.726 GC heap after
{Heap after GC invocations=44 (full 0):
 garbage-first heap   total 189440K, used 119503K [0x0000000080000000, 0x0000000100000000)
  region size 1024K, 3 young (3072K), 3 survivors (3072K)
 Metaspace       used 110165K, capacity 112578K, committed 113792K, reserved 1148928K
  class space    used 13727K, capacity 14641K, committed 14976K, reserved 1048576K
}
Event: 2997.167 GC heap before
{Heap before GC invocations=45 (full 0):
 garbage-first heap   total 189440K, used 142031K [0x0000000080000000, 0x0000000100000000)
  region size 1024K, 31 young (31744K), 3 survivors (3072K)
 Metaspace       used 110735K, capacity 113229K, committed 114304K, reserved 1148928K
  class space    used 13807K, capacity 14707K, committed 14976K, reserved 1048576K
}
Event: 2997.172 GC heap after
{Heap after GC invocations=46 (full 0):
 garbage-first heap   total 189440K, used 115501K [0x0000000080000000, 0x0000000100000000)
  region size 1024K, 4 young (4096K), 4 survivors (4096K)
 Metaspace       used 110735K, capacity 113229K, committed 114304K, reserved 1148928K
  class space    used 13807K, capacity 14707K, committed 14976K, reserved 1048576K
}
Event: 2997.259 GC heap before
{Heap before GC invocations=46 (full 0):
 garbage-first heap   total 189440K, used 120621K [0x0000000080000000, 0x0000000100000000)
  region size 1024K, 9 young (9216K), 4 survivors (4096K)
 Metaspace       used 111068K, capacity 113552K, committed 114688K, reserved 1148928K
  class space    used 13855K, capacity 14772K, committed 15104K, reserved 1048576K
}
Event: 2997.279 GC heap after
{Heap after GC invocations=47 (full 0):
 garbage-first heap   total 189440K, used 102928K [0x0000000080000000, 0x0000000100000000)
  region size 1024K, 1 young (1024K), 1 survivors (1024K)
 Metaspace       used 111068K, capacity 113552K, committed 114688K, reserved 1148928K
  class space    used 13855K, capacity 14772K, committed 15104K, reserved 1048576K
}
Event: 2999.732 GC heap before
{Heap before GC invocations=47 (full 0):
 garbage-first heap   total 189440K, used 140816K [0x0000000080000000, 0x0000000100000000)
  region size 1024K, 38 young (38912K), 1 survivors (1024K)
 Metaspace       used 114020K, capacity 116475K, committed 117504K, reserved 1150976K
  class space    used 14202K, capacity 15109K, committed 15360K, reserved 1048576K
}
Event: 2999.748 GC heap after
{Heap after GC invocations=48 (full 0):
 garbage-first heap   total 189440K, used 105750K [0x0000000080000000, 0x0000000100000000)
  region size 1024K, 4 young (4096K), 4 survivors (4096K)
 Metaspace       used 114020K, capacity 116475K, committed 117504K, reserved 1150976K
  class space    used 14202K, capacity 15109K, committed 15360K, reserved 1048576K
}
Event: 3000.479 GC heap before
{Heap before GC invocations=49 (full 0):
 garbage-first heap   total 189440K, used 142614K [0x0000000080000000, 0x0000000100000000)
  region size 1024K, 41 young (41984K), 4 survivors (4096K)
 Metaspace       used 114447K, capacity 116903K, committed 117888K, reserved 1150976K
  class space    used 14242K, capacity 15145K, committed 15488K, reserved 1048576K
}
Event: 3000.488 GC heap after
{Heap after GC invocations=50 (full 0):
 garbage-first heap   total 189440K, used 107500K [0x0000000080000000, 0x0000000100000000)
  region size 1024K, 3 young (3072K), 3 survivors (3072K)
 Metaspace       used 114447K, capacity 116903K, committed 117888K, reserved 1150976K
  class space    used 14242K, capacity 15145K, committed 15488K, reserved 1048576K
}
Event: 3001.182 GC heap before
{Heap before GC invocations=50 (full 0):
 garbage-first heap   total 189440K, used 145388K [0x0000000080000000, 0x0000000100000000)
  region size 1024K, 41 young (41984K), 3 survivors (3072K)
 Metaspace       used 115785K, capacity 118358K, committed 119296K, reserved 1153024K
  class space    used 14411K, capacity 15354K, committed 15616K, reserved 1048576K
}
Event: 3001.190 GC heap after
{Heap after GC invocations=51 (full 0):
 garbage-first heap   total 189440K, used 110231K [0x0000000080000000, 0x0000000100000000)
  region size 1024K, 6 young (6144K), 6 survivors (6144K)
 Metaspace       used 115785K, capacity 118358K, committed 119296K, reserved 1153024K
  class space    used 14411K, capacity 15354K, committed 15616K, reserved 1048576K
}
Event: 3005.625 GC heap before
{Heap before GC invocations=51 (full 0):
 garbage-first heap   total 189440K, used 150167K [0x0000000080000000, 0x0000000100000000)
  region size 1024K, 44 young (45056K), 6 survivors (6144K)
 Metaspace       used 121922K, capacity 124533K, committed 125184K, reserved 1159168K
  class space    used 15196K, capacity 16176K, committed 16384K, reserved 1048576K
}
Event: 3005.755 GC heap after
{Heap after GC invocations=52 (full 0):
 garbage-first heap   total 189440K, used 116912K [0x0000000080000000, 0x0000000100000000)
  region size 1024K, 6 young (6144K), 6 survivors (6144K)
 Metaspace       used 121922K, capacity 124533K, committed 125184K, reserved 1159168K
  class space    used 15196K, capacity 16176K, committed 16384K, reserved 1048576K
}

